<?xml version="1.0" encoding="UTF-8"?>
<!-- Generated by org.testng.reporters.JUnitXMLReporter -->
<testsuite ignored="0" hostname="COGNINE-L67" failures="0" tests="2" name="RestAssuredTest" time="6.303" errors="0" timestamp="2024-01-18T17:52:23 IST">
  <testcase classname="Request.DefaultRequestSpecificationExample" name="overrideDefaultRequestSpecification" time="3.224"/>
  <testcase classname="Request.DefaultRequestSpecificationExample" name="useDefaultRequestSpecification" time="1.295"/>
</testsuite> <!-- RestAssuredTest -->
