<?xml version="1.0" encoding="UTF-8"?>
<!-- Generated by org.testng.reporters.JUnitXMLReporter -->
<testsuite ignored="0" hostname="COGNINE-L67" failures="0" tests="2" name="Default test" time="5.343" errors="0" timestamp="2024-01-19T16:14:26 IST">
  <testcase classname="Request.DefaultRequestSpecificationExample" name="overrideDefaultRequestSpecification" time="3.082"/>
  <testcase classname="Request.DefaultRequestSpecificationExample" name="useDefaultRequestSpecification" time="1.17"/>
</testsuite> <!-- Default test -->
