<?xml version="1.0" encoding="UTF-8"?>
<testng-results ignored="0" total="2" passed="2" failed="0" skipped="0">
  <reporter-output>
  </reporter-output>
  <suite started-at="2024-01-18T17:52:17 IST" name="Testing Google Apps" finished-at="2024-01-18T17:52:23 IST" duration-ms="6303">
    <groups>
    </groups>
    <test started-at="2024-01-18T17:52:17 IST" name="RestAssuredTest" finished-at="2024-01-18T17:52:23 IST" duration-ms="6303">
      <class name="Request.DefaultRequestSpecificationExample">
        <test-method is-config="true" signature="setupDefaultRequestSpecification()[pri:0, instance:Request.DefaultRequestSpecificationExample@3aa078fd]" started-at="2024-01-18T17:52:17 IST" name="setupDefaultRequestSpecification" finished-at="2024-01-18T17:52:19 IST" duration-ms="1661" status="PASS">
          <reporter-output>
          </reporter-output>
        </test-method> <!-- setupDefaultRequestSpecification -->
        <test-method signature="overrideDefaultRequestSpecification()[pri:0, instance:Request.DefaultRequestSpecificationExample@3aa078fd]" started-at="2024-01-18T17:52:19 IST" name="overrideDefaultRequestSpecification" finished-at="2024-01-18T17:52:22 IST" duration-ms="3224" status="PASS">
          <reporter-output>
          </reporter-output>
        </test-method> <!-- overrideDefaultRequestSpecification -->
        <test-method signature="useDefaultRequestSpecification()[pri:0, instance:Request.DefaultRequestSpecificationExample@3aa078fd]" started-at="2024-01-18T17:52:22 IST" name="useDefaultRequestSpecification" finished-at="2024-01-18T17:52:23 IST" duration-ms="1295" status="PASS">
          <reporter-output>
          </reporter-output>
        </test-method> <!-- useDefaultRequestSpecification -->
      </class> <!-- Request.DefaultRequestSpecificationExample -->
    </test> <!-- RestAssuredTest -->
  </suite> <!-- Testing Google Apps -->
</testng-results>
